0 info it worked if it ends with ok
1 verbose cli [ 'c:\\Program Files\\nodejs\\node.exe',
1 verbose cli   'c:\\Program Files\\nodejs\\node_modules\\npm\\bin\\npm-cli.js',
1 verbose cli   'start' ]
2 info using npm@3.3.12
3 info using node@v5.1.1
4 verbose run-script [ 'prestart', 'start', 'poststart' ]
5 info lifecycle angular_app@1.0.0~prestart: angular_app@1.0.0
6 silly lifecycle angular_app@1.0.0~prestart: no script for prestart, continuing
7 info lifecycle angular_app@1.0.0~start: angular_app@1.0.0
8 verbose lifecycle angular_app@1.0.0~start: unsafe-perm in lifecycle true
9 verbose lifecycle angular_app@1.0.0~start: PATH: c:\Program Files\nodejs\node_modules\npm\bin\node-gyp-bin;d:\new_git\CodeSchool\Angular\node_modules\.bin;c:\Users\serhii.prokopchuk\bin;.;C:\Users\serhii.prokopchuk\AppData\Local\Atlassian\SourceTree\git_local\local\bin;C:\Users\serhii.prokopchuk\AppData\Local\Atlassian\SourceTree\git_local\mingw\bin;C:\Users\serhii.prokopchuk\AppData\Local\Atlassian\SourceTree\git_local\bin;c:\ProgramData\Oracle\Java\javapath;c:\Windows\system32;c:\Windows;c:\Windows\System32\Wbem;c:\Windows\System32\WindowsPowerShell\v1.0\;d:\programs\GitExtentions\;c:\Program Files (x86)\Git\cmd;c:\Program Files\Git\cmd;c:\Program Files\Git\mingw64\bin;c:\Program Files\Git\usr\bin;c:\Program Files\nodejs\;c:\Program Files (x86)\Skype\Phone\;c:\Users\serhii.prokopchuk\AppData\Roaming\npm
10 verbose lifecycle angular_app@1.0.0~start: CWD: d:\new_git\CodeSchool\Angular
11 silly lifecycle angular_app@1.0.0~start: Args: [ '/d /s /c', 'node app.js' ]
12 silly lifecycle angular_app@1.0.0~start: Returned: code: 1  signal: null
13 info lifecycle angular_app@1.0.0~start: Failed to exec start script
14 verbose stack Error: angular_app@1.0.0 start: `node app.js`
14 verbose stack Exit status 1
14 verbose stack     at EventEmitter.<anonymous> (c:\Program Files\nodejs\node_modules\npm\lib\utils\lifecycle.js:232:16)
14 verbose stack     at emitTwo (events.js:87:13)
14 verbose stack     at EventEmitter.emit (events.js:172:7)
14 verbose stack     at ChildProcess.<anonymous> (c:\Program Files\nodejs\node_modules\npm\lib\utils\spawn.js:24:14)
14 verbose stack     at emitTwo (events.js:87:13)
14 verbose stack     at ChildProcess.emit (events.js:172:7)
14 verbose stack     at maybeClose (internal/child_process.js:818:16)
14 verbose stack     at Process.ChildProcess._handle.onexit (internal/child_process.js:211:5)
15 verbose pkgid angular_app@1.0.0
16 verbose cwd d:\new_git\CodeSchool\Angular
17 error Windows_NT 6.1.7601
18 error argv "c:\\Program Files\\nodejs\\node.exe" "c:\\Program Files\\nodejs\\node_modules\\npm\\bin\\npm-cli.js" "start"
19 error node v5.1.1
20 error npm  v3.3.12
21 error code ELIFECYCLE
22 error angular_app@1.0.0 start: `node app.js`
22 error Exit status 1
23 error Failed at the angular_app@1.0.0 start script 'node app.js'.
23 error Make sure you have the latest version of node.js and npm installed.
23 error If you do, this is most likely a problem with the angular_app package,
23 error not with npm itself.
23 error Tell the author that this fails on your system:
23 error     node app.js
23 error You can get their info via:
23 error     npm owner ls angular_app
23 error There is likely additional logging output above.
24 verbose exit [ 1, true ]
